<?xml version="1.0" encoding="UTF-8"?>
<!-- Generated by org.testng.reporters.JUnitReportReporter -->
<testsuite skipped="0" hostname="SYS084" name="apiAutomation.NewTest" tests="1" failures="0" timestamp="23 Aug 2018 13:19:23 GMT" time="2.201" errors="0">
  <testcase name="f" time="2.201" classname="apiAutomation.NewTest"/>
</testsuite> <!-- apiAutomation.NewTest -->
