<?xml version="1.0" encoding="UTF-8"?>
<!-- Generated by org.testng.reporters.JUnitReportReporter -->
<testsuite skipped="0" hostname="SYS084" name="apiAutomation.Sample" tests="1" failures="0" timestamp="28 Aug 2018 13:24:26 GMT" time="3.141" errors="0">
  <testcase name="f" time="3.141" classname="apiAutomation.Sample"/>
</testsuite> <!-- apiAutomation.Sample -->
