<?xml version="1.0" encoding="UTF-8"?>
<!-- Generated by org.testng.reporters.JUnitReportReporter -->
<testsuite skipped="0" hostname="SYS084" name="apiAutomation.TestSuite" tests="1" failures="0" timestamp="14 Aug 2018 14:14:42 GMT" time="4.034" errors="0">
  <testcase name="f" time="4.034" classname="apiAutomation.TestSuite"/>
</testsuite> <!-- apiAutomation.TestSuite -->
