<?xml version="1.0" encoding="UTF-8"?>
<!-- Generated by org.testng.reporters.JUnitReportReporter -->
<testsuite skipped="4" hostname="SYS084" name="apiAutomation.DemoTestRunner" tests="5" failures="0" timestamp="19 Sep 2018 13:01:49 GMT" time="7.040" errors="0">
  <testcase name="testcase_001" time="7.040" classname="apiAutomation.DemoTestRunner"/>
  <testcase name="testcase_005" classname="apiAutomation.DemoTestRunner">
    <skipped/>
  </testcase> <!-- testcase_005 -->
  <testcase name="testcase_002" classname="apiAutomation.DemoTestRunner">
    <skipped/>
  </testcase> <!-- testcase_002 -->
  <testcase name="testcase_004" classname="apiAutomation.DemoTestRunner">
    <skipped/>
  </testcase> <!-- testcase_004 -->
  <testcase name="testcase_003" classname="apiAutomation.DemoTestRunner">
    <skipped/>
  </testcase> <!-- testcase_003 -->
</testsuite> <!-- apiAutomation.DemoTestRunner -->
