<?xml version="1.0" encoding="UTF-8"?>
<!-- Generated by org.testng.reporters.JUnitReportReporter -->
<testsuite skipped="0" hostname="SYS084" name="apiAutomation.Api_Test1" tests="1" failures="0" timestamp="14 Aug 2018 12:54:07 GMT" time="2.415" errors="0">
  <testcase name="testCase01" time="2.415" classname="apiAutomation.Api_Test1"/>
</testsuite> <!-- apiAutomation.Api_Test1 -->
