<?xml version="1.0" encoding="UTF-8"?>
<!-- Generated by org.testng.reporters.JUnitReportReporter -->
<testsuite skipped="0" hostname="SYS084" name="apiAutomation.Test1_Get" tests="5" failures="0" timestamp="20 Aug 2018 11:21:50 GMT" time="5.363" errors="0">
  <testcase name="testcase4" time="0.665" classname="apiAutomation.Test1_Get"/>
  <testcase name="testcase3" time="0.722" classname="apiAutomation.Test1_Get"/>
  <testcase name="testcase2" time="0.754" classname="apiAutomation.Test1_Get"/>
  <testcase name="testcase5" time="0.694" classname="apiAutomation.Test1_Get"/>
  <testcase name="testcase1" time="2.528" classname="apiAutomation.Test1_Get"/>
</testsuite> <!-- apiAutomation.Test1_Get -->
