<?xml version="1.0" encoding="UTF-8"?>
<!-- Generated by org.testng.reporters.JUnitReportReporter -->
<testsuite skipped="1" hostname="SYS084" name="apiAutomation.NewTest" tests="2" failures="0" timestamp="24 Aug 2018 12:06:17 GMT" time="10.156" errors="0">
  <testcase name="f1" time="10.156" classname="apiAutomation.NewTest"/>
  <testcase name="f" classname="apiAutomation.NewTest">
    <skipped/>
  </testcase> <!-- f -->
</testsuite> <!-- apiAutomation.NewTest -->
