<?xml version="1.0" encoding="UTF-8"?>
<!-- Generated by org.testng.reporters.JUnitReportReporter -->
<testsuite skipped="0" hostname="SYS084" name="apiAutomation.TestSuite" tests="3" failures="0" timestamp="16 Aug 2018 13:39:57 GMT" time="4.031" errors="0">
  <testcase name="testcase03" time="0.694" classname="apiAutomation.TestSuite"/>
  <testcase name="testcase01" time="2.551" classname="apiAutomation.TestSuite"/>
  <testcase name="testcase02" time="0.786" classname="apiAutomation.TestSuite"/>
</testsuite> <!-- apiAutomation.TestSuite -->
