<?xml version="1.0" encoding="UTF-8"?>
<!-- Generated by org.testng.reporters.JUnitReportReporter -->
<testsuite skipped="0" hostname="SYS084" name="apiAutomation.Authentication" tests="1" failures="0" timestamp="23 Aug 2018 08:35:47 GMT" time="2.260" errors="0">
  <testcase name="f" time="2.260" classname="apiAutomation.Authentication"/>
</testsuite> <!-- apiAutomation.Authentication -->
