<?xml version="1.0" encoding="UTF-8"?>
<!-- Generated by org.testng.reporters.JUnitReportReporter -->
<testsuite skipped="5" hostname="SYS084" name="apiAutomation.Test1_Get" tests="6" failures="0" timestamp="19 Sep 2018 12:26:09 GMT" time="2.192" errors="0">
  <testcase name="testcase1" time="2.192" classname="apiAutomation.Test1_Get"/>
  <testcase name="testcase5" classname="apiAutomation.Test1_Get">
    <skipped/>
  </testcase> <!-- testcase5 -->
  <testcase name="testcase2" classname="apiAutomation.Test1_Get">
    <skipped/>
  </testcase> <!-- testcase2 -->
  <testcase name="testcase3" classname="apiAutomation.Test1_Get">
    <skipped/>
  </testcase> <!-- testcase3 -->
  <testcase name="testcase6" classname="apiAutomation.Test1_Get">
    <skipped/>
  </testcase> <!-- testcase6 -->
  <testcase name="testcase4" classname="apiAutomation.Test1_Get">
    <skipped/>
  </testcase> <!-- testcase4 -->
</testsuite> <!-- apiAutomation.Test1_Get -->
